<?xml version="1.0" encoding="UTF-8"?>
<testsuite xmlns:xsi="http://www.w3.org/2001/XMLSchema-instance" xsi:noNamespaceSchemaLocation="https://maven.apache.org/surefire/maven-surefire-plugin/xsd/surefire-test-report.xsd" name="TestSuite" time="15.388" tests="1" errors="0" skipped="0" failures="1">
  <properties>
    <property name="gopherProxySet" value="false"/>
    <property name="awt.toolkit" value="sun.lwawt.macosx.LWCToolkit"/>
    <property name="java.specification.version" value="11"/>
    <property name="sun.cpu.isalist" value=""/>
    <property name="sun.jnu.encoding" value="UTF-8"/>
    <property name="java.class.path" value="/Users/shubhamsharma/eclipse-workspace/inetBankingV1_busyQA/target/test-classes:/Users/shubhamsharma/eclipse-workspace/inetBankingV1_busyQA/target/classes:/Users/shubhamsharma/.m2/repository/org/seleniumhq/selenium/selenium-java/4.1.4/selenium-java-4.1.4.jar:/Users/shubhamsharma/.m2/repository/org/seleniumhq/selenium/selenium-api/4.1.4/selenium-api-4.1.4.jar:/Users/shubhamsharma/.m2/repository/org/seleniumhq/selenium/selenium-chrome-driver/4.1.4/selenium-chrome-driver-4.1.4.jar:/Users/shubhamsharma/.m2/repository/com/google/auto/service/auto-service-annotations/1.0.1/auto-service-annotations-1.0.1.jar:/Users/shubhamsharma/.m2/repository/com/google/auto/service/auto-service/1.0.1/auto-service-1.0.1.jar:/Users/shubhamsharma/.m2/repository/com/google/auto/auto-common/1.2/auto-common-1.2.jar:/Users/shubhamsharma/.m2/repository/com/google/guava/guava/31.1-jre/guava-31.1-jre.jar:/Users/shubhamsharma/.m2/repository/com/google/guava/failureaccess/1.0.1/failureaccess-1.0.1.jar:/Users/shubhamsharma/.m2/repository/com/google/guava/listenablefuture/9999.0-empty-to-avoid-conflict-with-guava/listenablefuture-9999.0-empty-to-avoid-conflict-with-guava.jar:/Users/shubhamsharma/.m2/repository/org/checkerframework/checker-qual/3.12.0/checker-qual-3.12.0.jar:/Users/shubhamsharma/.m2/repository/com/google/errorprone/error_prone_annotations/2.11.0/error_prone_annotations-2.11.0.jar:/Users/shubhamsharma/.m2/repository/com/google/j2objc/j2objc-annotations/1.3/j2objc-annotations-1.3.jar:/Users/shubhamsharma/.m2/repository/org/seleniumhq/selenium/selenium-chromium-driver/4.1.4/selenium-chromium-driver-4.1.4.jar:/Users/shubhamsharma/.m2/repository/org/seleniumhq/selenium/selenium-json/4.1.4/selenium-json-4.1.4.jar:/Users/shubhamsharma/.m2/repository/org/seleniumhq/selenium/selenium-devtools-v100/4.1.4/selenium-devtools-v100-4.1.4.jar:/Users/shubhamsharma/.m2/repository/org/seleniumhq/selenium/selenium-devtools-v101/4.1.4/selenium-devtools-v101-4.1.4.jar:/Users/shubhamsharma/.m2/repository/org/seleniumhq/selenium/selenium-devtools-v85/4.1.4/selenium-devtools-v85-4.1.4.jar:/Users/shubhamsharma/.m2/repository/org/seleniumhq/selenium/selenium-devtools-v99/4.1.4/selenium-devtools-v99-4.1.4.jar:/Users/shubhamsharma/.m2/repository/org/seleniumhq/selenium/selenium-edge-driver/4.1.4/selenium-edge-driver-4.1.4.jar:/Users/shubhamsharma/.m2/repository/org/seleniumhq/selenium/selenium-firefox-driver/4.1.4/selenium-firefox-driver-4.1.4.jar:/Users/shubhamsharma/.m2/repository/org/seleniumhq/selenium/selenium-ie-driver/4.1.4/selenium-ie-driver-4.1.4.jar:/Users/shubhamsharma/.m2/repository/org/seleniumhq/selenium/selenium-opera-driver/4.1.4/selenium-opera-driver-4.1.4.jar:/Users/shubhamsharma/.m2/repository/org/seleniumhq/selenium/selenium-remote-driver/4.1.4/selenium-remote-driver-4.1.4.jar:/Users/shubhamsharma/.m2/repository/io/netty/netty-buffer/4.1.76.Final/netty-buffer-4.1.76.Final.jar:/Users/shubhamsharma/.m2/repository/io/netty/netty-codec-http/4.1.76.Final/netty-codec-http-4.1.76.Final.jar:/Users/shubhamsharma/.m2/repository/io/netty/netty-codec/4.1.76.Final/netty-codec-4.1.76.Final.jar:/Users/shubhamsharma/.m2/repository/io/netty/netty-handler/4.1.76.Final/netty-handler-4.1.76.Final.jar:/Users/shubhamsharma/.m2/repository/io/netty/netty-common/4.1.76.Final/netty-common-4.1.76.Final.jar:/Users/shubhamsharma/.m2/repository/io/netty/netty-transport-classes-epoll/4.1.76.Final/netty-transport-classes-epoll-4.1.76.Final.jar:/Users/shubhamsharma/.m2/repository/io/netty/netty-transport-classes-kqueue/4.1.76.Final/netty-transport-classes-kqueue-4.1.76.Final.jar:/Users/shubhamsharma/.m2/repository/io/netty/netty-transport-native-epoll/4.1.76.Final/netty-transport-native-epoll-4.1.76.Final.jar:/Users/shubhamsharma/.m2/repository/io/netty/netty-transport-native-kqueue/4.1.76.Final/netty-transport-native-kqueue-4.1.76.Final.jar:/Users/shubhamsharma/.m2/repository/io/netty/netty-transport-native-unix-common/4.1.76.Final/netty-transport-native-unix-common-4.1.76.Final.jar:/Users/shubhamsharma/.m2/repository/io/netty/netty-transport/4.1.76.Final/netty-transport-4.1.76.Final.jar:/Users/shubhamsharma/.m2/repository/io/netty/netty-resolver/4.1.76.Final/netty-resolver-4.1.76.Final.jar:/Users/shubhamsharma/.m2/repository/io/opentelemetry/opentelemetry-api/1.13.0/opentelemetry-api-1.13.0.jar:/Users/shubhamsharma/.m2/repository/io/opentelemetry/opentelemetry-context/1.13.0/opentelemetry-context-1.13.0.jar:/Users/shubhamsharma/.m2/repository/io/opentelemetry/opentelemetry-exporter-logging/1.13.0/opentelemetry-exporter-logging-1.13.0.jar:/Users/shubhamsharma/.m2/repository/io/opentelemetry/opentelemetry-sdk-metrics/1.13.0-alpha/opentelemetry-sdk-metrics-1.13.0-alpha.jar:/Users/shubhamsharma/.m2/repository/io/opentelemetry/opentelemetry-sdk-logs/1.13.0-alpha/opentelemetry-sdk-logs-1.13.0-alpha.jar:/Users/shubhamsharma/.m2/repository/io/opentelemetry/opentelemetry-sdk-common/1.13.0/opentelemetry-sdk-common-1.13.0.jar:/Users/shubhamsharma/.m2/repository/io/opentelemetry/opentelemetry-sdk-extension-autoconfigure-spi/1.13.0/opentelemetry-sdk-extension-autoconfigure-spi-1.13.0.jar:/Users/shubhamsharma/.m2/repository/io/opentelemetry/opentelemetry-sdk-extension-autoconfigure/1.13.0-alpha/opentelemetry-sdk-extension-autoconfigure-1.13.0-alpha.jar:/Users/shubhamsharma/.m2/repository/io/opentelemetry/opentelemetry-sdk-trace/1.13.0/opentelemetry-sdk-trace-1.13.0.jar:/Users/shubhamsharma/.m2/repository/io/opentelemetry/opentelemetry-sdk/1.13.0/opentelemetry-sdk-1.13.0.jar:/Users/shubhamsharma/.m2/repository/io/opentelemetry/opentelemetry-semconv/1.13.0-alpha/opentelemetry-semconv-1.13.0-alpha.jar:/Users/shubhamsharma/.m2/repository/io/ous/jtoml/2.0.0/jtoml-2.0.0.jar:/Users/shubhamsharma/.m2/repository/net/bytebuddy/byte-buddy/1.12.9/byte-buddy-1.12.9.jar:/Users/shubhamsharma/.m2/repository/org/apache/commons/commons-exec/1.3/commons-exec-1.3.jar:/Users/shubhamsharma/.m2/repository/org/asynchttpclient/async-http-client/2.12.3/async-http-client-2.12.3.jar:/Users/shubhamsharma/.m2/repository/org/asynchttpclient/async-http-client-netty-utils/2.12.3/async-http-client-netty-utils-2.12.3.jar:/Users/shubhamsharma/.m2/repository/io/netty/netty-codec-socks/4.1.60.Final/netty-codec-socks-4.1.60.Final.jar:/Users/shubhamsharma/.m2/repository/io/netty/netty-handler-proxy/4.1.60.Final/netty-handler-proxy-4.1.60.Final.jar:/Users/shubhamsharma/.m2/repository/io/netty/netty-transport-native-epoll/4.1.60.Final/netty-transport-native-epoll-4.1.60.Final-linux-x86_64.jar:/Users/shubhamsharma/.m2/repository/io/netty/netty-transport-native-kqueue/4.1.60.Final/netty-transport-native-kqueue-4.1.60.Final-osx-x86_64.jar:/Users/shubhamsharma/.m2/repository/com/typesafe/netty/netty-reactive-streams/2.0.4/netty-reactive-streams-2.0.4.jar:/Users/shubhamsharma/.m2/repository/com/sun/activation/jakarta.activation/1.2.2/jakarta.activation-1.2.2.jar:/Users/shubhamsharma/.m2/repository/org/seleniumhq/selenium/selenium-http/4.1.4/selenium-http-4.1.4.jar:/Users/shubhamsharma/.m2/repository/dev/failsafe/failsafe/3.2.3/failsafe-3.2.3.jar:/Users/shubhamsharma/.m2/repository/org/seleniumhq/selenium/selenium-safari-driver/4.1.4/selenium-safari-driver-4.1.4.jar:/Users/shubhamsharma/.m2/repository/org/seleniumhq/selenium/selenium-support/4.1.4/selenium-support-4.1.4.jar:/Users/shubhamsharma/.m2/repository/org/testng/testng/7.6.0/testng-7.6.0.jar:/Users/shubhamsharma/.m2/repository/com/google/code/findbugs/jsr305/3.0.2/jsr305-3.0.2.jar:/Users/shubhamsharma/.m2/repository/org/slf4j/slf4j-api/1.7.36/slf4j-api-1.7.36.jar:/Users/shubhamsharma/.m2/repository/com/beust/jcommander/1.82/jcommander-1.82.jar:/Users/shubhamsharma/.m2/repository/org/webjars/jquery/3.6.0/jquery-3.6.0.jar:/Users/shubhamsharma/.m2/repository/org/apache/poi/poi-ooxml/5.2.2/poi-ooxml-5.2.2.jar:/Users/shubhamsharma/.m2/repository/org/apache/poi/poi/5.2.2/poi-5.2.2.jar:/Users/shubhamsharma/.m2/repository/commons-codec/commons-codec/1.15/commons-codec-1.15.jar:/Users/shubhamsharma/.m2/repository/org/apache/commons/commons-math3/3.6.1/commons-math3-3.6.1.jar:/Users/shubhamsharma/.m2/repository/com/zaxxer/SparseBitSet/1.2/SparseBitSet-1.2.jar:/Users/shubhamsharma/.m2/repository/org/apache/poi/poi-ooxml-lite/5.2.2/poi-ooxml-lite-5.2.2.jar:/Users/shubhamsharma/.m2/repository/org/apache/xmlbeans/xmlbeans/5.0.3/xmlbeans-5.0.3.jar:/Users/shubhamsharma/.m2/repository/org/apache/commons/commons-compress/1.21/commons-compress-1.21.jar:/Users/shubhamsharma/.m2/repository/com/github/virtuald/curvesapi/1.07/curvesapi-1.07.jar:/Users/shubhamsharma/.m2/repository/org/apache/logging/log4j/log4j-api/2.17.2/log4j-api-2.17.2.jar:/Users/shubhamsharma/.m2/repository/org/apache/commons/commons-collections4/4.4/commons-collections4-4.4.jar:/Users/shubhamsharma/.m2/repository/com/aventstack/extentreports/5.0.9/extentreports-5.0.9.jar:/Users/shubhamsharma/.m2/repository/io/reactivex/rxjava3/rxjava/3.0.4/rxjava-3.0.4.jar:/Users/shubhamsharma/.m2/repository/org/reactivestreams/reactive-streams/1.0.3/reactive-streams-1.0.3.jar:/Users/shubhamsharma/.m2/repository/org/freemarker/freemarker/2.3.30/freemarker-2.3.30.jar:/Users/shubhamsharma/.m2/repository/org/projectlombok/lombok/1.18.12/lombok-1.18.12.jar:/Users/shubhamsharma/.m2/repository/com/google/code/gson/gson/2.8.6/gson-2.8.6.jar:/Users/shubhamsharma/.m2/repository/commons-io/commons-io/2.11.0/commons-io-2.11.0.jar:/Users/shubhamsharma/.m2/repository/org/apache/commons/commons-lang3/3.12.0/commons-lang3-3.12.0.jar:/Users/shubhamsharma/.m2/repository/org/sikuli/sikuli-api/1.2.0/sikuli-api-1.2.0.jar:/Users/shubhamsharma/.m2/repository/org/sikuli/sikuli-core/1.2.2/sikuli-core-1.2.2.jar:/Users/shubhamsharma/.m2/repository/org/bytedeco/javacpp/0.9/javacpp-0.9.jar:/Users/shubhamsharma/.m2/repository/org/bytedeco/javacpp-presets/opencv/2.4.9-0.9/opencv-2.4.9-0.9.jar:/Users/shubhamsharma/.m2/repository/org/piccolo2d/piccolo2d-extras/1.3.1/piccolo2d-extras-1.3.1.jar:/Users/shubhamsharma/.m2/repository/org/piccolo2d/piccolo2d-core/1.3.1/piccolo2d-core-1.3.1.jar:/Users/shubhamsharma/.m2/repository/log4j/log4j/1.2.17/log4j-1.2.17.jar:"/>
    <property name="java.vm.vendor" value="Oracle Corporation"/>
    <property name="sun.arch.data.model" value="64"/>
    <property name="java.vendor.url" value="https://openjdk.java.net/"/>
    <property name="user.timezone" value=""/>
    <property name="java.vm.specification.version" value="11"/>
    <property name="os.name" value="Mac OS X"/>
    <property name="sun.java.launcher" value="SUN_STANDARD"/>
    <property name="user.country" value="IN"/>
    <property name="sun.boot.library.path" value="/Library/Java/JavaVirtualMachines/jdk-11.0.10.jdk/Contents/Home/lib"/>
    <property name="sun.java.command" value="/Users/shubhamsharma/eclipse-workspace/inetBankingV1_busyQA/target/surefire/surefirebooter16876699808467217078.jar /Users/shubhamsharma/eclipse-workspace/inetBankingV1_busyQA/target/surefire 2023-01-27T01-12-16_240-jvmRun1 surefire1535654346342713713tmp surefire_06019913331008829862tmp"/>
    <property name="http.nonProxyHosts" value="local|*.local|169.254/16|*.169.254/16"/>
    <property name="jdk.debug" value="release"/>
    <property name="surefire.test.class.path" value="/Users/shubhamsharma/eclipse-workspace/inetBankingV1_busyQA/target/test-classes:/Users/shubhamsharma/eclipse-workspace/inetBankingV1_busyQA/target/classes:/Users/shubhamsharma/.m2/repository/org/seleniumhq/selenium/selenium-java/4.1.4/selenium-java-4.1.4.jar:/Users/shubhamsharma/.m2/repository/org/seleniumhq/selenium/selenium-api/4.1.4/selenium-api-4.1.4.jar:/Users/shubhamsharma/.m2/repository/org/seleniumhq/selenium/selenium-chrome-driver/4.1.4/selenium-chrome-driver-4.1.4.jar:/Users/shubhamsharma/.m2/repository/com/google/auto/service/auto-service-annotations/1.0.1/auto-service-annotations-1.0.1.jar:/Users/shubhamsharma/.m2/repository/com/google/auto/service/auto-service/1.0.1/auto-service-1.0.1.jar:/Users/shubhamsharma/.m2/repository/com/google/auto/auto-common/1.2/auto-common-1.2.jar:/Users/shubhamsharma/.m2/repository/com/google/guava/guava/31.1-jre/guava-31.1-jre.jar:/Users/shubhamsharma/.m2/repository/com/google/guava/failureaccess/1.0.1/failureaccess-1.0.1.jar:/Users/shubhamsharma/.m2/repository/com/google/guava/listenablefuture/9999.0-empty-to-avoid-conflict-with-guava/listenablefuture-9999.0-empty-to-avoid-conflict-with-guava.jar:/Users/shubhamsharma/.m2/repository/org/checkerframework/checker-qual/3.12.0/checker-qual-3.12.0.jar:/Users/shubhamsharma/.m2/repository/com/google/errorprone/error_prone_annotations/2.11.0/error_prone_annotations-2.11.0.jar:/Users/shubhamsharma/.m2/repository/com/google/j2objc/j2objc-annotations/1.3/j2objc-annotations-1.3.jar:/Users/shubhamsharma/.m2/repository/org/seleniumhq/selenium/selenium-chromium-driver/4.1.4/selenium-chromium-driver-4.1.4.jar:/Users/shubhamsharma/.m2/repository/org/seleniumhq/selenium/selenium-json/4.1.4/selenium-json-4.1.4.jar:/Users/shubhamsharma/.m2/repository/org/seleniumhq/selenium/selenium-devtools-v100/4.1.4/selenium-devtools-v100-4.1.4.jar:/Users/shubhamsharma/.m2/repository/org/seleniumhq/selenium/selenium-devtools-v101/4.1.4/selenium-devtools-v101-4.1.4.jar:/Users/shubhamsharma/.m2/repository/org/seleniumhq/selenium/selenium-devtools-v85/4.1.4/selenium-devtools-v85-4.1.4.jar:/Users/shubhamsharma/.m2/repository/org/seleniumhq/selenium/selenium-devtools-v99/4.1.4/selenium-devtools-v99-4.1.4.jar:/Users/shubhamsharma/.m2/repository/org/seleniumhq/selenium/selenium-edge-driver/4.1.4/selenium-edge-driver-4.1.4.jar:/Users/shubhamsharma/.m2/repository/org/seleniumhq/selenium/selenium-firefox-driver/4.1.4/selenium-firefox-driver-4.1.4.jar:/Users/shubhamsharma/.m2/repository/org/seleniumhq/selenium/selenium-ie-driver/4.1.4/selenium-ie-driver-4.1.4.jar:/Users/shubhamsharma/.m2/repository/org/seleniumhq/selenium/selenium-opera-driver/4.1.4/selenium-opera-driver-4.1.4.jar:/Users/shubhamsharma/.m2/repository/org/seleniumhq/selenium/selenium-remote-driver/4.1.4/selenium-remote-driver-4.1.4.jar:/Users/shubhamsharma/.m2/repository/io/netty/netty-buffer/4.1.76.Final/netty-buffer-4.1.76.Final.jar:/Users/shubhamsharma/.m2/repository/io/netty/netty-codec-http/4.1.76.Final/netty-codec-http-4.1.76.Final.jar:/Users/shubhamsharma/.m2/repository/io/netty/netty-codec/4.1.76.Final/netty-codec-4.1.76.Final.jar:/Users/shubhamsharma/.m2/repository/io/netty/netty-handler/4.1.76.Final/netty-handler-4.1.76.Final.jar:/Users/shubhamsharma/.m2/repository/io/netty/netty-common/4.1.76.Final/netty-common-4.1.76.Final.jar:/Users/shubhamsharma/.m2/repository/io/netty/netty-transport-classes-epoll/4.1.76.Final/netty-transport-classes-epoll-4.1.76.Final.jar:/Users/shubhamsharma/.m2/repository/io/netty/netty-transport-classes-kqueue/4.1.76.Final/netty-transport-classes-kqueue-4.1.76.Final.jar:/Users/shubhamsharma/.m2/repository/io/netty/netty-transport-native-epoll/4.1.76.Final/netty-transport-native-epoll-4.1.76.Final.jar:/Users/shubhamsharma/.m2/repository/io/netty/netty-transport-native-kqueue/4.1.76.Final/netty-transport-native-kqueue-4.1.76.Final.jar:/Users/shubhamsharma/.m2/repository/io/netty/netty-transport-native-unix-common/4.1.76.Final/netty-transport-native-unix-common-4.1.76.Final.jar:/Users/shubhamsharma/.m2/repository/io/netty/netty-transport/4.1.76.Final/netty-transport-4.1.76.Final.jar:/Users/shubhamsharma/.m2/repository/io/netty/netty-resolver/4.1.76.Final/netty-resolver-4.1.76.Final.jar:/Users/shubhamsharma/.m2/repository/io/opentelemetry/opentelemetry-api/1.13.0/opentelemetry-api-1.13.0.jar:/Users/shubhamsharma/.m2/repository/io/opentelemetry/opentelemetry-context/1.13.0/opentelemetry-context-1.13.0.jar:/Users/shubhamsharma/.m2/repository/io/opentelemetry/opentelemetry-exporter-logging/1.13.0/opentelemetry-exporter-logging-1.13.0.jar:/Users/shubhamsharma/.m2/repository/io/opentelemetry/opentelemetry-sdk-metrics/1.13.0-alpha/opentelemetry-sdk-metrics-1.13.0-alpha.jar:/Users/shubhamsharma/.m2/repository/io/opentelemetry/opentelemetry-sdk-logs/1.13.0-alpha/opentelemetry-sdk-logs-1.13.0-alpha.jar:/Users/shubhamsharma/.m2/repository/io/opentelemetry/opentelemetry-sdk-common/1.13.0/opentelemetry-sdk-common-1.13.0.jar:/Users/shubhamsharma/.m2/repository/io/opentelemetry/opentelemetry-sdk-extension-autoconfigure-spi/1.13.0/opentelemetry-sdk-extension-autoconfigure-spi-1.13.0.jar:/Users/shubhamsharma/.m2/repository/io/opentelemetry/opentelemetry-sdk-extension-autoconfigure/1.13.0-alpha/opentelemetry-sdk-extension-autoconfigure-1.13.0-alpha.jar:/Users/shubhamsharma/.m2/repository/io/opentelemetry/opentelemetry-sdk-trace/1.13.0/opentelemetry-sdk-trace-1.13.0.jar:/Users/shubhamsharma/.m2/repository/io/opentelemetry/opentelemetry-sdk/1.13.0/opentelemetry-sdk-1.13.0.jar:/Users/shubhamsharma/.m2/repository/io/opentelemetry/opentelemetry-semconv/1.13.0-alpha/opentelemetry-semconv-1.13.0-alpha.jar:/Users/shubhamsharma/.m2/repository/io/ous/jtoml/2.0.0/jtoml-2.0.0.jar:/Users/shubhamsharma/.m2/repository/net/bytebuddy/byte-buddy/1.12.9/byte-buddy-1.12.9.jar:/Users/shubhamsharma/.m2/repository/org/apache/commons/commons-exec/1.3/commons-exec-1.3.jar:/Users/shubhamsharma/.m2/repository/org/asynchttpclient/async-http-client/2.12.3/async-http-client-2.12.3.jar:/Users/shubhamsharma/.m2/repository/org/asynchttpclient/async-http-client-netty-utils/2.12.3/async-http-client-netty-utils-2.12.3.jar:/Users/shubhamsharma/.m2/repository/io/netty/netty-codec-socks/4.1.60.Final/netty-codec-socks-4.1.60.Final.jar:/Users/shubhamsharma/.m2/repository/io/netty/netty-handler-proxy/4.1.60.Final/netty-handler-proxy-4.1.60.Final.jar:/Users/shubhamsharma/.m2/repository/io/netty/netty-transport-native-epoll/4.1.60.Final/netty-transport-native-epoll-4.1.60.Final-linux-x86_64.jar:/Users/shubhamsharma/.m2/repository/io/netty/netty-transport-native-kqueue/4.1.60.Final/netty-transport-native-kqueue-4.1.60.Final-osx-x86_64.jar:/Users/shubhamsharma/.m2/repository/com/typesafe/netty/netty-reactive-streams/2.0.4/netty-reactive-streams-2.0.4.jar:/Users/shubhamsharma/.m2/repository/com/sun/activation/jakarta.activation/1.2.2/jakarta.activation-1.2.2.jar:/Users/shubhamsharma/.m2/repository/org/seleniumhq/selenium/selenium-http/4.1.4/selenium-http-4.1.4.jar:/Users/shubhamsharma/.m2/repository/dev/failsafe/failsafe/3.2.3/failsafe-3.2.3.jar:/Users/shubhamsharma/.m2/repository/org/seleniumhq/selenium/selenium-safari-driver/4.1.4/selenium-safari-driver-4.1.4.jar:/Users/shubhamsharma/.m2/repository/org/seleniumhq/selenium/selenium-support/4.1.4/selenium-support-4.1.4.jar:/Users/shubhamsharma/.m2/repository/org/testng/testng/7.6.0/testng-7.6.0.jar:/Users/shubhamsharma/.m2/repository/com/google/code/findbugs/jsr305/3.0.2/jsr305-3.0.2.jar:/Users/shubhamsharma/.m2/repository/org/slf4j/slf4j-api/1.7.36/slf4j-api-1.7.36.jar:/Users/shubhamsharma/.m2/repository/com/beust/jcommander/1.82/jcommander-1.82.jar:/Users/shubhamsharma/.m2/repository/org/webjars/jquery/3.6.0/jquery-3.6.0.jar:/Users/shubhamsharma/.m2/repository/org/apache/poi/poi-ooxml/5.2.2/poi-ooxml-5.2.2.jar:/Users/shubhamsharma/.m2/repository/org/apache/poi/poi/5.2.2/poi-5.2.2.jar:/Users/shubhamsharma/.m2/repository/commons-codec/commons-codec/1.15/commons-codec-1.15.jar:/Users/shubhamsharma/.m2/repository/org/apache/commons/commons-math3/3.6.1/commons-math3-3.6.1.jar:/Users/shubhamsharma/.m2/repository/com/zaxxer/SparseBitSet/1.2/SparseBitSet-1.2.jar:/Users/shubhamsharma/.m2/repository/org/apache/poi/poi-ooxml-lite/5.2.2/poi-ooxml-lite-5.2.2.jar:/Users/shubhamsharma/.m2/repository/org/apache/xmlbeans/xmlbeans/5.0.3/xmlbeans-5.0.3.jar:/Users/shubhamsharma/.m2/repository/org/apache/commons/commons-compress/1.21/commons-compress-1.21.jar:/Users/shubhamsharma/.m2/repository/com/github/virtuald/curvesapi/1.07/curvesapi-1.07.jar:/Users/shubhamsharma/.m2/repository/org/apache/logging/log4j/log4j-api/2.17.2/log4j-api-2.17.2.jar:/Users/shubhamsharma/.m2/repository/org/apache/commons/commons-collections4/4.4/commons-collections4-4.4.jar:/Users/shubhamsharma/.m2/repository/com/aventstack/extentreports/5.0.9/extentreports-5.0.9.jar:/Users/shubhamsharma/.m2/repository/io/reactivex/rxjava3/rxjava/3.0.4/rxjava-3.0.4.jar:/Users/shubhamsharma/.m2/repository/org/reactivestreams/reactive-streams/1.0.3/reactive-streams-1.0.3.jar:/Users/shubhamsharma/.m2/repository/org/freemarker/freemarker/2.3.30/freemarker-2.3.30.jar:/Users/shubhamsharma/.m2/repository/org/projectlombok/lombok/1.18.12/lombok-1.18.12.jar:/Users/shubhamsharma/.m2/repository/com/google/code/gson/gson/2.8.6/gson-2.8.6.jar:/Users/shubhamsharma/.m2/repository/commons-io/commons-io/2.11.0/commons-io-2.11.0.jar:/Users/shubhamsharma/.m2/repository/org/apache/commons/commons-lang3/3.12.0/commons-lang3-3.12.0.jar:/Users/shubhamsharma/.m2/repository/org/sikuli/sikuli-api/1.2.0/sikuli-api-1.2.0.jar:/Users/shubhamsharma/.m2/repository/org/sikuli/sikuli-core/1.2.2/sikuli-core-1.2.2.jar:/Users/shubhamsharma/.m2/repository/org/bytedeco/javacpp/0.9/javacpp-0.9.jar:/Users/shubhamsharma/.m2/repository/org/bytedeco/javacpp-presets/opencv/2.4.9-0.9/opencv-2.4.9-0.9.jar:/Users/shubhamsharma/.m2/repository/org/piccolo2d/piccolo2d-extras/1.3.1/piccolo2d-extras-1.3.1.jar:/Users/shubhamsharma/.m2/repository/org/piccolo2d/piccolo2d-core/1.3.1/piccolo2d-core-1.3.1.jar:/Users/shubhamsharma/.m2/repository/log4j/log4j/1.2.17/log4j-1.2.17.jar:"/>
    <property name="sun.cpu.endian" value="little"/>
    <property name="user.home" value="/Users/shubhamsharma"/>
    <property name="user.language" value="en"/>
    <property name="java.specification.vendor" value="Oracle Corporation"/>
    <property name="java.version.date" value="2021-01-19"/>
    <property name="java.home" value="/Library/Java/JavaVirtualMachines/jdk-11.0.10.jdk/Contents/Home"/>
    <property name="file.separator" value="/"/>
    <property name="basedir" value="/Users/shubhamsharma/eclipse-workspace/inetBankingV1_busyQA"/>
    <property name="java.vm.compressedOopsMode" value="Zero based"/>
    <property name="line.separator" value="&#10;"/>
    <property name="java.specification.name" value="Java Platform API Specification"/>
    <property name="java.vm.specification.vendor" value="Oracle Corporation"/>
    <property name="java.awt.graphicsenv" value="sun.awt.CGraphicsEnvironment"/>
    <property name="surefire.real.class.path" value="/Users/shubhamsharma/eclipse-workspace/inetBankingV1_busyQA/target/surefire/surefirebooter16876699808467217078.jar"/>
    <property name="sun.management.compiler" value="HotSpot 64-Bit Tiered Compilers"/>
    <property name="ftp.nonProxyHosts" value="local|*.local|169.254/16|*.169.254/16"/>
    <property name="java.runtime.version" value="11.0.10+8-LTS-162"/>
    <property name="user.name" value="shubhamsharma"/>
    <property name="path.separator" value=":"/>
    <property name="os.version" value="10.16"/>
    <property name="java.runtime.name" value="Java(TM) SE Runtime Environment"/>
    <property name="file.encoding" value="UTF-8"/>
    <property name="java.vm.name" value="Java HotSpot(TM) 64-Bit Server VM"/>
    <property name="java.vendor.version" value="18.9"/>
    <property name="localRepository" value="/Users/shubhamsharma/.m2/repository"/>
    <property name="java.vendor.url.bug" value="https://bugreport.java.com/bugreport/"/>
    <property name="java.io.tmpdir" value="/var/folders/3q/7dymyry501q1wwrlv08_7dz40000gn/T/"/>
    <property name="java.version" value="11.0.10"/>
    <property name="user.dir" value="/Users/shubhamsharma/eclipse-workspace/inetBankingV1_busyQA"/>
    <property name="os.arch" value="x86_64"/>
    <property name="java.vm.specification.name" value="Java Virtual Machine Specification"/>
    <property name="java.awt.printerjob" value="sun.lwawt.macosx.CPrinterJob"/>
    <property name="sun.os.patch.level" value="unknown"/>
    <property name="java.library.path" value="/Users/shubhamsharma/Library/Java/Extensions:/Library/Java/Extensions:/Network/Library/Java/Extensions:/System/Library/Java/Extensions:/usr/lib/java:."/>
    <property name="java.vendor" value="Oracle Corporation"/>
    <property name="java.vm.info" value="mixed mode"/>
    <property name="java.vm.version" value="11.0.10+8-LTS-162"/>
    <property name="sun.io.unicode.encoding" value="UnicodeBig"/>
    <property name="java.class.version" value="55.0"/>
    <property name="socksNonProxyHosts" value="local|*.local|169.254/16|*.169.254/16"/>
  </properties>
  <testcase name="addNewCustomer" classname="com.inetBanking.testCases.TC_AddCustomerTest_003" time="3.911">
    <failure message="unexpected alert open: {Alert text : User or Password is not valid}&#10;  (Session info: chrome=109.0.5414.119): User or Password is not valid&#10;Build info: version: &apos;4.1.4&apos;, revision: &apos;535d840ee2&apos;&#10;System info: host: &apos;Shubhams-MacBook-Pro.local&apos;, ip: &apos;fe80:0:0:0:18a6:fc47:abd4:b730%en0&apos;, os.name: &apos;Mac OS X&apos;, os.arch: &apos;x86_64&apos;, os.version: &apos;10.16&apos;, java.version: &apos;11.0.10&apos;&#10;Driver info: org.openqa.selenium.chrome.ChromeDriver&#10;Command: [cff9bbb0fa9de8b452198b555a71c45d, findElement {using=xpath, value=/html/body/div[3]/div/ul/li[2]/a}]&#10;Capabilities {acceptInsecureCerts: false, browserName: chrome, browserVersion: 109.0.5414.119, chrome: {chromedriverVersion: 108.0.5359.71 (1e0e3868ee06..., userDataDir: /var/folders/3q/7dymyry501q...}, goog:chromeOptions: {debuggerAddress: localhost:51350}, javascriptEnabled: true, networkConnectionEnabled: false, pageLoadStrategy: normal, platform: MAC, platformName: MAC, proxy: Proxy(), se:cdp: ws://localhost:51350/devtoo..., se:cdpVersion: 109.0.5414.119, setWindowRect: true, strictFileInteractability: false, timeouts: {implicit: 0, pageLoad: 300000, script: 30000}, unhandledPromptBehavior: dismiss and notify, webauthn:extension:credBlob: true, webauthn:extension:largeBlob: true, webauthn:virtualAuthenticators: true}&#10;Session ID: cff9bbb0fa9de8b452198b555a71c45d" type="org.openqa.selenium.UnhandledAlertException">org.openqa.selenium.UnhandledAlertException: 
unexpected alert open: {Alert text : User or Password is not valid}
  (Session info: chrome=109.0.5414.119): User or Password is not valid
Build info: version: '4.1.4', revision: '535d840ee2'
System info: host: 'Shubhams-MacBook-Pro.local', ip: 'fe80:0:0:0:18a6:fc47:abd4:b730%en0', os.name: 'Mac OS X', os.arch: 'x86_64', os.version: '10.16', java.version: '11.0.10'
Driver info: org.openqa.selenium.chrome.ChromeDriver
Command: [cff9bbb0fa9de8b452198b555a71c45d, findElement {using=xpath, value=/html/body/div[3]/div/ul/li[2]/a}]
Capabilities {acceptInsecureCerts: false, browserName: chrome, browserVersion: 109.0.5414.119, chrome: {chromedriverVersion: 108.0.5359.71 (1e0e3868ee06..., userDataDir: /var/folders/3q/7dymyry501q...}, goog:chromeOptions: {debuggerAddress: localhost:51350}, javascriptEnabled: true, networkConnectionEnabled: false, pageLoadStrategy: normal, platform: MAC, platformName: MAC, proxy: Proxy(), se:cdp: ws://localhost:51350/devtoo..., se:cdpVersion: 109.0.5414.119, setWindowRect: true, strictFileInteractability: false, timeouts: {implicit: 0, pageLoad: 300000, script: 30000}, unhandledPromptBehavior: dismiss and notify, webauthn:extension:credBlob: true, webauthn:extension:largeBlob: true, webauthn:virtualAuthenticators: true}
Session ID: cff9bbb0fa9de8b452198b555a71c45d
	at com.inetBanking.testCases.TC_AddCustomerTest_003.addNewCustomer(TC_AddCustomerTest_003.java:28)
</failure>
    <system-out><![CDATA[2023-01-27 01:12:27 INFO  inetbanking:20 - Username is provided
  2023-01-27 01:12:27 INFO  inetbanking:22 - Password is provided
  ]]></system-out>
    <system-err><![CDATA[SLF4J: Failed to load class "org.slf4j.impl.StaticLoggerBinder".
SLF4J: Defaulting to no-operation (NOP) logger implementation
SLF4J: See http://www.slf4j.org/codes.html#StaticLoggerBinder for further details.
ERROR StatusLogger Log4j2 could not find a logging implementation. Please add log4j-core to the classpath. Using SimpleLogger to log to the console...
Starting ChromeDriver 108.0.5359.71 (1e0e3868ee06e91ad636a874420e3ca3ae3756ac-refs/branch-heads/5359@{#1016}) on port 51726
Only local connections are allowed.
Please see https://chromedriver.chromium.org/security-considerations for suggestions on keeping ChromeDriver safe.
ChromeDriver was started successfully.
[1674762140.639][WARNING]: This version of ChromeDriver has not been tested with Chrome version 109.
Jan 27, 2023 1:12:20 AM org.openqa.selenium.remote.ProtocolHandshake createSession
INFO: Detected dialect: W3C
Jan 27, 2023 1:12:20 AM org.openqa.selenium.devtools.CdpVersionFinder findNearestMatch
WARNING: Unable to find an exact match for CDP version 109, so returning the closest version found: a no-op implementation
Jan 27, 2023 1:12:20 AM org.openqa.selenium.devtools.CdpVersionFinder findNearestMatch
INFO: Unable to find CDP implementation matching 109.
Jan 27, 2023 1:12:20 AM org.openqa.selenium.chromium.ChromiumDriver lambda$new$3
WARNING: Unable to find version of CDP to use for . You may need to include a dependency on a specific version of the CDP using something similar to `org.seleniumhq.selenium:selenium-devtools-v86:4.1.4` where the version ("v86") matches the version of the chromium-based browser you're using and the version number of the artifact is the same as Selenium's.
]]></system-err>
  </testcase>
</testsuite>